<?xml version="1.0" encoding="UTF-8"?>
<testsuite name="com.bulkuninstall.noads.ui.MainViewModelTest" tests="1" skipped="0" failures="1" errors="0" timestamp="2026-04-21T03:16:10" hostname="Abhisheks-MacBook-Pro.local" time="1.543">
  <properties/>
  <testcase name="viewModel loads apps and handles search" classname="com.bulkuninstall.noads.ui.MainViewModelTest" time="1.543">
    <failure message="java.lang.AssertionError: expected:&lt;1&gt; but was:&lt;2&gt;" type="java.lang.AssertionError">java.lang.AssertionError: expected:&lt;1&gt; but was:&lt;2&gt;
	at org.junit.Assert.fail(Assert.java:89)
	at org.junit.Assert.failNotEquals(Assert.java:835)
	at org.junit.Assert.assertEquals(Assert.java:120)
	at org.junit.Assert.assertEquals(Assert.java:146)
	at com.bulkuninstall.noads.ui.MainViewModelTest$viewModel loads apps and handles search$1$1.invokeSuspend(MainViewModelTest.kt:98)
	at com.bulkuninstall.noads.ui.MainViewModelTest$viewModel loads apps and handles search$1$1.invoke(MainViewModelTest.kt)
	at com.bulkuninstall.noads.ui.MainViewModelTest$viewModel loads apps and handles search$1$1.invoke(MainViewModelTest.kt)
	at app.cash.turbine.FlowKt$test$2.invokeSuspend(flow.kt:149)
	at app.cash.turbine.FlowKt$test$2.invoke(flow.kt)
	at app.cash.turbine.FlowKt$test$2.invoke(flow.kt)
	at app.cash.turbine.FlowKt$turbineScope$2$1.invokeSuspend(flow.kt:91)
	at app.cash.turbine.FlowKt$turbineScope$2$1.invoke(flow.kt)
	at app.cash.turbine.FlowKt$turbineScope$2$1.invoke(flow.kt)
	at kotlinx.coroutines.intrinsics.UndispatchedKt.startUndispatchedOrReturn(Undispatched.kt:61)
	at kotlinx.coroutines.CoroutineScopeKt.coroutineScope(CoroutineScope.kt:261)
	at app.cash.turbine.FlowKt$turbineScope$2$scopeFn$1.invokeSuspend(flow.kt:83)
	at app.cash.turbine.FlowKt$turbineScope$2$scopeFn$1.invoke(flow.kt)
	at app.cash.turbine.FlowKt$turbineScope$2$scopeFn$1.invoke(flow.kt)
	at app.cash.turbine.FlowKt$turbineScope$2.invokeSuspend(flow.kt:88)
	at app.cash.turbine.FlowKt$turbineScope$2.invoke(flow.kt)
	at app.cash.turbine.FlowKt$turbineScope$2.invoke(flow.kt)
	at app.cash.turbine.CoroutinesKt$reportTurbines$2.invokeSuspend(coroutines.kt:89)
	at app.cash.turbine.CoroutinesKt$reportTurbines$2.invoke(coroutines.kt)
	at app.cash.turbine.CoroutinesKt$reportTurbines$2.invoke(coroutines.kt)
	at kotlinx.coroutines.intrinsics.UndispatchedKt.startUndispatchedOrReturn(Undispatched.kt:61)
	at kotlinx.coroutines.BuildersKt__Builders_commonKt.withContext(Builders.common.kt:163)
	at kotlinx.coroutines.BuildersKt.withContext(Unknown Source)
	at app.cash.turbine.CoroutinesKt.reportTurbines(coroutines.kt:88)
	at app.cash.turbine.FlowKt.turbineScope-k1IrOU0(flow.kt:80)
	at app.cash.turbine.FlowKt.turbineScope-k1IrOU0$default(flow.kt:75)
	at app.cash.turbine.FlowKt.test-C2H2yOE(flow.kt:141)
	at app.cash.turbine.FlowKt.test-C2H2yOE$default(flow.kt:136)
	at com.bulkuninstall.noads.ui.MainViewModelTest$viewModel loads apps and handles search$1.invokeSuspend(MainViewModelTest.kt:91)
	at com.bulkuninstall.noads.ui.MainViewModelTest$viewModel loads apps and handles search$1.invoke(MainViewModelTest.kt)
	at com.bulkuninstall.noads.ui.MainViewModelTest$viewModel loads apps and handles search$1.invoke(MainViewModelTest.kt)
	at kotlinx.coroutines.test.TestBuildersKt__TestBuildersKt$runTest$2$1$1.invokeSuspend(TestBuilders.kt:316)
	at _COROUTINE._BOUNDARY._(CoroutineDebugging.kt:42)
	at app.cash.turbine.FlowKt$turbineScope$2$scopeFn$1.invokeSuspend(flow.kt:83)
	at app.cash.turbine.FlowKt$turbineScope$2.invokeSuspend(flow.kt:88)
	at app.cash.turbine.CoroutinesKt$reportTurbines$2.invokeSuspend(coroutines.kt:89)
	at com.bulkuninstall.noads.ui.MainViewModelTest$viewModel loads apps and handles search$1.invokeSuspend(MainViewModelTest.kt:91)
	at kotlinx.coroutines.test.TestBuildersKt__TestBuildersKt$runTest$2$1$1.invokeSuspend(TestBuilders.kt:316)
Caused by: java.lang.AssertionError: expected:&lt;1&gt; but was:&lt;2&gt;
	at org.junit.Assert.fail(Assert.java:89)
	at org.junit.Assert.failNotEquals(Assert.java:835)
	at org.junit.Assert.assertEquals(Assert.java:120)
	at org.junit.Assert.assertEquals(Assert.java:146)
	at com.bulkuninstall.noads.ui.MainViewModelTest$viewModel loads apps and handles search$1$1.invokeSuspend(MainViewModelTest.kt:98)
	at com.bulkuninstall.noads.ui.MainViewModelTest$viewModel loads apps and handles search$1$1.invoke(MainViewModelTest.kt)
	at com.bulkuninstall.noads.ui.MainViewModelTest$viewModel loads apps and handles search$1$1.invoke(MainViewModelTest.kt)
	at app.cash.turbine.FlowKt$test$2.invokeSuspend(flow.kt:149)
	at app.cash.turbine.FlowKt$test$2.invoke(flow.kt)
	at app.cash.turbine.FlowKt$test$2.invoke(flow.kt)
	at app.cash.turbine.FlowKt$turbineScope$2$1.invokeSuspend(flow.kt:91)
	at app.cash.turbine.FlowKt$turbineScope$2$1.invoke(flow.kt)
	at app.cash.turbine.FlowKt$turbineScope$2$1.invoke(flow.kt)
	at kotlinx.coroutines.intrinsics.UndispatchedKt.startUndispatchedOrReturn(Undispatched.kt:61)
	at kotlinx.coroutines.CoroutineScopeKt.coroutineScope(CoroutineScope.kt:261)
	at app.cash.turbine.FlowKt$turbineScope$2$scopeFn$1.invokeSuspend(flow.kt:83)
	at app.cash.turbine.FlowKt$turbineScope$2$scopeFn$1.invoke(flow.kt)
	at app.cash.turbine.FlowKt$turbineScope$2$scopeFn$1.invoke(flow.kt)
	at app.cash.turbine.FlowKt$turbineScope$2.invokeSuspend(flow.kt:88)
	at app.cash.turbine.FlowKt$turbineScope$2.invoke(flow.kt)
	at app.cash.turbine.FlowKt$turbineScope$2.invoke(flow.kt)
	at app.cash.turbine.CoroutinesKt$reportTurbines$2.invokeSuspend(coroutines.kt:89)
	at app.cash.turbine.CoroutinesKt$reportTurbines$2.invoke(coroutines.kt)
	at app.cash.turbine.CoroutinesKt$reportTurbines$2.invoke(coroutines.kt)
	at kotlinx.coroutines.intrinsics.UndispatchedKt.startUndispatchedOrReturn(Undispatched.kt:61)
	at kotlinx.coroutines.BuildersKt__Builders_commonKt.withContext(Builders.common.kt:163)
	at kotlinx.coroutines.BuildersKt.withContext(Unknown Source)
	at app.cash.turbine.CoroutinesKt.reportTurbines(coroutines.kt:88)
	at app.cash.turbine.FlowKt.turbineScope-k1IrOU0(flow.kt:80)
	at app.cash.turbine.FlowKt.turbineScope-k1IrOU0$default(flow.kt:75)
	at app.cash.turbine.FlowKt.test-C2H2yOE(flow.kt:141)
	at app.cash.turbine.FlowKt.test-C2H2yOE$default(flow.kt:136)
	at com.bulkuninstall.noads.ui.MainViewModelTest$viewModel loads apps and handles search$1.invokeSuspend(MainViewModelTest.kt:91)
	at com.bulkuninstall.noads.ui.MainViewModelTest$viewModel loads apps and handles search$1.invoke(MainViewModelTest.kt)
	at com.bulkuninstall.noads.ui.MainViewModelTest$viewModel loads apps and handles search$1.invoke(MainViewModelTest.kt)
	at kotlinx.coroutines.test.TestBuildersKt__TestBuildersKt$runTest$2$1$1.invokeSuspend(TestBuilders.kt:316)
	at kotlin.coroutines.jvm.internal.BaseContinuationImpl.resumeWith(ContinuationImpl.kt:33)
	at kotlinx.coroutines.DispatchedTask.run(DispatchedTask.kt:104)
	at kotlinx.coroutines.test.TestDispatcher.processEvent$kotlinx_coroutines_test(TestDispatcher.kt:24)
	at kotlinx.coroutines.test.TestCoroutineScheduler.tryRunNextTaskUnless$kotlinx_coroutines_test(TestCoroutineScheduler.kt:99)
	at kotlinx.coroutines.test.TestBuildersKt__TestBuildersKt$runTest$2$1$workRunner$1.invokeSuspend(TestBuilders.kt:322)
	at kotlin.coroutines.jvm.internal.BaseContinuationImpl.resumeWith(ContinuationImpl.kt:33)
	at kotlinx.coroutines.DispatchedTask.run(DispatchedTask.kt:104)
	at kotlinx.coroutines.EventLoopImplBase.processNextEvent(EventLoop.common.kt:277)
	at kotlinx.coroutines.BlockingCoroutine.joinBlocking(Builders.kt:95)
	at kotlinx.coroutines.BuildersKt__BuildersKt.runBlocking(Builders.kt:69)
	at kotlinx.coroutines.BuildersKt.runBlocking(Unknown Source)
	at kotlinx.coroutines.BuildersKt__BuildersKt.runBlocking$default(Builders.kt:48)
	at kotlinx.coroutines.BuildersKt.runBlocking$default(Unknown Source)
	at kotlinx.coroutines.test.TestBuildersJvmKt.createTestResult(TestBuildersJvm.kt:10)
	at kotlinx.coroutines.test.TestBuildersKt__TestBuildersKt.runTest-8Mi8wO0(TestBuilders.kt:310)
	at kotlinx.coroutines.test.TestBuildersKt.runTest-8Mi8wO0(Unknown Source)
	at kotlinx.coroutines.test.TestBuildersKt__TestBuildersKt.runTest-8Mi8wO0(TestBuilders.kt:168)
	at kotlinx.coroutines.test.TestBuildersKt.runTest-8Mi8wO0(Unknown Source)
	at kotlinx.coroutines.test.TestBuildersKt__TestBuildersKt.runTest-8Mi8wO0$default(TestBuilders.kt:160)
	at kotlinx.coroutines.test.TestBuildersKt.runTest-8Mi8wO0$default(Unknown Source)
	at com.bulkuninstall.noads.ui.MainViewModelTest.viewModel loads apps and handles search(MainViewModelTest.kt:90)
	at java.base/jdk.internal.reflect.NativeMethodAccessorImpl.invoke0(Native Method)
	at java.base/jdk.internal.reflect.NativeMethodAccessorImpl.invoke(NativeMethodAccessorImpl.java:77)
	at java.base/jdk.internal.reflect.DelegatingMethodAccessorImpl.invoke(DelegatingMethodAccessorImpl.java:43)
	at java.base/java.lang.reflect.Method.invoke(Method.java:569)
	at org.junit.runners.model.FrameworkMethod$1.runReflectiveCall(FrameworkMethod.java:59)
	at org.junit.internal.runners.model.ReflectiveCallable.run(ReflectiveCallable.java:12)
	at org.junit.runners.model.FrameworkMethod.invokeExplosively(FrameworkMethod.java:56)
	at org.junit.internal.runners.statements.InvokeMethod.evaluate(InvokeMethod.java:17)
	at org.junit.internal.runners.statements.RunBefores.evaluate(RunBefores.java:26)
	at org.junit.internal.runners.statements.RunAfters.evaluate(RunAfters.java:27)
	at org.junit.runners.ParentRunner$3.evaluate(ParentRunner.java:306)
	at org.junit.runners.BlockJUnit4ClassRunner$1.evaluate(BlockJUnit4ClassRunner.java:100)
	at org.junit.runners.ParentRunner.runLeaf(ParentRunner.java:366)
	at org.junit.runners.BlockJUnit4ClassRunner.runChild(BlockJUnit4ClassRunner.java:103)
	at org.junit.runners.BlockJUnit4ClassRunner.runChild(BlockJUnit4ClassRunner.java:63)
	at org.junit.runners.ParentRunner$4.run(ParentRunner.java:331)
	at org.junit.runners.ParentRunner$1.schedule(ParentRunner.java:79)
	at org.junit.runners.ParentRunner.runChildren(ParentRunner.java:329)
	at org.junit.runners.ParentRunner.access$100(ParentRunner.java:66)
	at org.junit.runners.ParentRunner$2.evaluate(ParentRunner.java:293)
	at org.junit.runners.ParentRunner$3.evaluate(ParentRunner.java:306)
	at org.junit.runners.ParentRunner.run(ParentRunner.java:413)
	at org.gradle.api.internal.tasks.testing.junit.JUnitTestClassExecutor.runTestClass(JUnitTestClassExecutor.java:112)
	at org.gradle.api.internal.tasks.testing.junit.JUnitTestClassExecutor.execute(JUnitTestClassExecutor.java:58)
	at org.gradle.api.internal.tasks.testing.junit.JUnitTestClassExecutor.execute(JUnitTestClassExecutor.java:40)
	at org.gradle.api.internal.tasks.testing.junit.AbstractJUnitTestClassProcessor.processTestClass(AbstractJUnitTestClassProcessor.java:60)
	at org.gradle.api.internal.tasks.testing.SuiteTestClassProcessor.processTestClass(SuiteTestClassProcessor.java:52)
	at java.base/jdk.internal.reflect.NativeMethodAccessorImpl.invoke0(Native Method)
	at java.base/jdk.internal.reflect.NativeMethodAccessorImpl.invoke(NativeMethodAccessorImpl.java:77)
	at java.base/jdk.internal.reflect.DelegatingMethodAccessorImpl.invoke(DelegatingMethodAccessorImpl.java:43)
	at java.base/java.lang.reflect.Method.invoke(Method.java:569)
	at org.gradle.internal.dispatch.ReflectionDispatch.dispatch(ReflectionDispatch.java:36)
	at org.gradle.internal.dispatch.ReflectionDispatch.dispatch(ReflectionDispatch.java:24)
	at org.gradle.internal.dispatch.ContextClassLoaderDispatch.dispatch(ContextClassLoaderDispatch.java:33)
	at org.gradle.internal.dispatch.ProxyDispatchAdapter$DispatchingInvocationHandler.invoke(ProxyDispatchAdapter.java:94)
	at jdk.proxy1/jdk.proxy1.$Proxy2.processTestClass(Unknown Source)
	at org.gradle.api.internal.tasks.testing.worker.TestWorker$2.run(TestWorker.java:176)
	at org.gradle.api.internal.tasks.testing.worker.TestWorker.executeAndMaintainThreadName(TestWorker.java:129)
	at org.gradle.api.internal.tasks.testing.worker.TestWorker.execute(TestWorker.java:100)
	at org.gradle.api.internal.tasks.testing.worker.TestWorker.execute(TestWorker.java:60)
	at org.gradle.process.internal.worker.child.ActionExecutionWorker.execute(ActionExecutionWorker.java:56)
	at org.gradle.process.internal.worker.child.SystemApplicationClassLoaderWorker.call(SystemApplicationClassLoaderWorker.java:113)
	at org.gradle.process.internal.worker.child.SystemApplicationClassLoaderWorker.call(SystemApplicationClassLoaderWorker.java:65)
	at worker.org.gradle.process.internal.worker.GradleWorkerMain.run(GradleWorkerMain.java:69)
	at worker.org.gradle.process.internal.worker.GradleWorkerMain.main(GradleWorkerMain.java:74)
</failure>
  </testcase>
  <system-out><![CDATA[]]></system-out>
  <system-err><![CDATA[]]></system-err>
</testsuite>
